C:\Program Files (x86)\Microsoft Visual Studio\2017\Enterprise\Common7\IDE\VC\VCTargets\Microsoft.CppBuild.targets(941,5): warning MSB8027: Two or more files with the name of Main.cpp will produce outputs to the same location. This can lead to an incorrect build result.  The files involved are Main.cpp, VulkanRenderer\VulkanProject\Main.cpp.
  ChunkObject.cpp
  Main.cpp
  _WIN32_WINNT not defined. Defaulting to _WIN32_WINNT_MAXVER (see WinSDKVer.h)
c:\users\1503395\downloads\wffc-edit-master\wffc-edit-master\woffcedit\vulkanrenderer\vulkanproject\window.h(2): fatal error C1083: Cannot open include file: 'vulkan/vulkan.h': No such file or directory
  MFCFrame.cpp
  _WIN32_WINNT not defined. Defaulting to _WIN32_WINNT_MAXVER (see WinSDKVer.h)
c:\users\1503395\downloads\wffc-edit-master\wffc-edit-master\woffcedit\vulkanrenderer\vulkanproject\window.h(2): fatal error C1083: Cannot open include file: 'vulkan/vulkan.h': No such file or directory
  MFCRenderFrame.cpp
  _WIN32_WINNT not defined. Defaulting to _WIN32_WINNT_MAXVER (see WinSDKVer.h)
  pch.cpp
  MFCMain.cpp
  _WIN32_WINNT not defined. Defaulting to _WIN32_WINNT_MAXVER (see WinSDKVer.h)
c:\users\1503395\downloads\wffc-edit-master\wffc-edit-master\woffcedit\vulkanrenderer\vulkanproject\window.h(2): fatal error C1083: Cannot open include file: 'vulkan/vulkan.h': No such file or directory
  SceneObject.cpp
  SelectDialogue.cpp
  _WIN32_WINNT not defined. Defaulting to _WIN32_WINNT_MAXVER (see WinSDKVer.h)
c:\users\1503395\downloads\wffc-edit-master\wffc-edit-master\woffcedit\selectdialogue.cpp(41): warning C4267: 'initializing': conversion from 'size_t' to 'int', possible loss of data
  ToolMain.cpp
  _WIN32_WINNT not defined. Defaulting to _WIN32_WINNT_MAXVER (see WinSDKVer.h)
c:\users\1503395\downloads\wffc-edit-master\wffc-edit-master\woffcedit\vulkanrenderer\vulkanproject\window.h(2): fatal error C1083: Cannot open include file: 'vulkan/vulkan.h': No such file or directory
  BaseModel.cpp
c:\users\1503395\downloads\wffc-edit-master\wffc-edit-master\woffcedit\vulkanrenderer\vulkanproject\window.h(2): fatal error C1083: Cannot open include file: 'vulkan/vulkan.h': No such file or directory
  Camera.cpp
c:\users\1503395\downloads\wffc-edit-master\wffc-edit-master\woffcedit\vulkanrenderer\vulkanproject\camera.h(1): fatal error C1083: Cannot open include file: 'glm.hpp': No such file or directory
  ImportedModel.cpp
c:\users\1503395\downloads\wffc-edit-master\wffc-edit-master\woffcedit\vulkanrenderer\vulkanproject\window.h(2): fatal error C1083: Cannot open include file: 'vulkan/vulkan.h': No such file or directory
  Main.cpp
c:\users\1503395\downloads\wffc-edit-master\wffc-edit-master\woffcedit\vulkanrenderer\vulkanproject\renderer.h(3): fatal error C1083: Cannot open include file: 'vulkan/vulkan.h': No such file or directory
  Plane.cpp
c:\users\1503395\downloads\wffc-edit-master\wffc-edit-master\woffcedit\vulkanrenderer\vulkanproject\window.h(2): fatal error C1083: Cannot open include file: 'vulkan/vulkan.h': No such file or directory
  PlaneMesh.cpp
c:\users\1503395\downloads\wffc-edit-master\wffc-edit-master\woffcedit\vulkanrenderer\vulkanproject\window.h(2): fatal error C1083: Cannot open include file: 'vulkan/vulkan.h': No such file or directory
  Renderer.cpp
c:\users\1503395\downloads\wffc-edit-master\wffc-edit-master\woffcedit\vulkanrenderer\vulkanproject\renderer.h(3): fatal error C1083: Cannot open include file: 'vulkan/vulkan.h': No such file or directory
  Shared.cpp
c:\users\1503395\downloads\wffc-edit-master\wffc-edit-master\woffcedit\vulkanrenderer\vulkanproject\shared.h(5): fatal error C1083: Cannot open include file: 'vulkan/vulkan.h': No such file or directory
  VisibilityBuffer.cpp
c:\users\1503395\downloads\wffc-edit-master\wffc-edit-master\woffcedit\vulkanrenderer\vulkanproject\window.h(2): fatal error C1083: Cannot open include file: 'vulkan/vulkan.h': No such file or directory
  VulkanDeferredApplication.cpp
c:\users\1503395\downloads\wffc-edit-master\wffc-edit-master\woffcedit\vulkanrenderer\vulkanproject\window.h(2): fatal error C1083: Cannot open include file: 'vulkan/vulkan.h': No such file or directory
  Window.cpp
c:\users\1503395\downloads\wffc-edit-master\wffc-edit-master\woffcedit\vulkanrenderer\vulkanproject\window.h(2): fatal error C1083: Cannot open include file: 'vulkan/vulkan.h': No such file or directory
