  MFCFrame.cpp
  _WIN32_WINNT not defined. Defaulting to _WIN32_WINNT_MAXVER (see WinSDKVer.h)
  MFCMain.cpp
  _WIN32_WINNT not defined. Defaulting to _WIN32_WINNT_MAXVER (see WinSDKVer.h)
  Main.cpp
  _WIN32_WINNT not defined. Defaulting to _WIN32_WINNT_MAXVER (see WinSDKVer.h)
  ToolMain.cpp
  _WIN32_WINNT not defined. Defaulting to _WIN32_WINNT_MAXVER (see WinSDKVer.h)
\\stuhome\homedrive5$\1503395\github\tools-framework-vulkan\wffc-edit-master\wffc-edit-master\woffcedit\toolmain.cpp(96): warning C4101: 'pResultsChunk': unreferenced local variable
  TransformDialogue.cpp
  _WIN32_WINNT not defined. Defaulting to _WIN32_WINNT_MAXVER (see WinSDKVer.h)
\\stuhome\homedrive5$\1503395\github\tools-framework-vulkan\wffc-edit-master\wffc-edit-master\woffcedit\transformdialogue.cpp(137): warning C4244: '=': conversion from 'double' to 'float', possible loss of data
\\stuhome\homedrive5$\1503395\github\tools-framework-vulkan\wffc-edit-master\wffc-edit-master\woffcedit\transformdialogue.cpp(140): warning C4244: '=': conversion from 'double' to 'float', possible loss of data
\\stuhome\homedrive5$\1503395\github\tools-framework-vulkan\wffc-edit-master\wffc-edit-master\woffcedit\transformdialogue.cpp(143): warning C4244: '=': conversion from 'double' to 'float', possible loss of data
\\stuhome\homedrive5$\1503395\github\tools-framework-vulkan\wffc-edit-master\wffc-edit-master\woffcedit\transformdialogue.cpp(148): warning C4244: '=': conversion from 'double' to 'float', possible loss of data
\\stuhome\homedrive5$\1503395\github\tools-framework-vulkan\wffc-edit-master\wffc-edit-master\woffcedit\transformdialogue.cpp(151): warning C4244: '=': conversion from 'double' to 'float', possible loss of data
\\stuhome\homedrive5$\1503395\github\tools-framework-vulkan\wffc-edit-master\wffc-edit-master\woffcedit\transformdialogue.cpp(154): warning C4244: '=': conversion from 'double' to 'float', possible loss of data
\\stuhome\homedrive5$\1503395\github\tools-framework-vulkan\wffc-edit-master\wffc-edit-master\woffcedit\transformdialogue.cpp(159): warning C4244: '=': conversion from 'double' to 'float', possible loss of data
\\stuhome\homedrive5$\1503395\github\tools-framework-vulkan\wffc-edit-master\wffc-edit-master\woffcedit\transformdialogue.cpp(162): warning C4244: '=': conversion from 'double' to 'float', possible loss of data
\\stuhome\homedrive5$\1503395\github\tools-framework-vulkan\wffc-edit-master\wffc-edit-master\woffcedit\transformdialogue.cpp(165): warning C4244: '=': conversion from 'double' to 'float', possible loss of data
  Generating code
  6 of 5514 functions ( 0.1%) were compiled, the rest were copied from previous compilation.
    1 functions were new in current compilation
    17 functions had inline decision re-evaluated but remain unchanged
  Finished generating code
  Win32SimpleSample.vcxproj -> \\StuHome\HomeDrive5$\1503395\GitHub\Tools-Framework-Vulkan\WFFC-Edit-master\WFFC-Edit-master\WOFFCEdit\Release\WoFEdit.exe
