\\stuhome\homedrive5$\1503395\github\tools-framework-vulkan\wffc-edit-master\wffc-edit-master\woffcedit\release\vc141.pdb
\\stuhome\homedrive5$\1503395\github\tools-framework-vulkan\wffc-edit-master\wffc-edit-master\woffcedit\release\window.obj
\\stuhome\homedrive5$\1503395\github\tools-framework-vulkan\wffc-edit-master\wffc-edit-master\woffcedit\release\vulkandeferredapplication.obj
\\stuhome\homedrive5$\1503395\github\tools-framework-vulkan\wffc-edit-master\wffc-edit-master\woffcedit\release\visibilitybuffer.obj
\\stuhome\homedrive5$\1503395\github\tools-framework-vulkan\wffc-edit-master\wffc-edit-master\woffcedit\release\shared.obj
\\stuhome\homedrive5$\1503395\github\tools-framework-vulkan\wffc-edit-master\wffc-edit-master\woffcedit\release\renderer.obj
\\stuhome\homedrive5$\1503395\github\tools-framework-vulkan\wffc-edit-master\wffc-edit-master\woffcedit\release\previewwindowrender.obj
\\stuhome\homedrive5$\1503395\github\tools-framework-vulkan\wffc-edit-master\wffc-edit-master\woffcedit\release\planemesh.obj
\\stuhome\homedrive5$\1503395\github\tools-framework-vulkan\wffc-edit-master\wffc-edit-master\woffcedit\release\plane.obj
\\stuhome\homedrive5$\1503395\github\tools-framework-vulkan\wffc-edit-master\wffc-edit-master\woffcedit\release\importedmodel.obj
\\stuhome\homedrive5$\1503395\github\tools-framework-vulkan\wffc-edit-master\wffc-edit-master\woffcedit\release\camera.obj
\\stuhome\homedrive5$\1503395\github\tools-framework-vulkan\wffc-edit-master\wffc-edit-master\woffcedit\release\basemodel.obj
\\stuhome\homedrive5$\1503395\github\tools-framework-vulkan\wffc-edit-master\wffc-edit-master\woffcedit\release\transformdialogue.obj
\\stuhome\homedrive5$\1503395\github\tools-framework-vulkan\wffc-edit-master\wffc-edit-master\woffcedit\release\toolmain.obj
\\stuhome\homedrive5$\1503395\github\tools-framework-vulkan\wffc-edit-master\wffc-edit-master\woffcedit\release\selectdialogue.obj
\\stuhome\homedrive5$\1503395\github\tools-framework-vulkan\wffc-edit-master\wffc-edit-master\woffcedit\release\mfcmain.obj
\\stuhome\homedrive5$\1503395\github\tools-framework-vulkan\wffc-edit-master\wffc-edit-master\woffcedit\release\pch.obj
\\stuhome\homedrive5$\1503395\github\tools-framework-vulkan\wffc-edit-master\wffc-edit-master\woffcedit\release\modelpreviewdialogue.obj
\\stuhome\homedrive5$\1503395\github\tools-framework-vulkan\wffc-edit-master\wffc-edit-master\woffcedit\release\mfcrenderframe.obj
\\stuhome\homedrive5$\1503395\github\tools-framework-vulkan\wffc-edit-master\wffc-edit-master\woffcedit\release\mfcframe.obj
\\stuhome\homedrive5$\1503395\github\tools-framework-vulkan\wffc-edit-master\wffc-edit-master\woffcedit\release\main.obj
m:\github\tools-framework-vulkan\wffc-edit-master\wffc-edit-master\woffcedit\release\vc141.pdb
m:\github\tools-framework-vulkan\wffc-edit-master\wffc-edit-master\woffcedit\release\window.obj
m:\github\tools-framework-vulkan\wffc-edit-master\wffc-edit-master\woffcedit\release\vulkandeferredapplication.obj
m:\github\tools-framework-vulkan\wffc-edit-master\wffc-edit-master\woffcedit\release\visibilitybuffer.obj
m:\github\tools-framework-vulkan\wffc-edit-master\wffc-edit-master\woffcedit\release\shared.obj
m:\github\tools-framework-vulkan\wffc-edit-master\wffc-edit-master\woffcedit\release\renderer.obj
m:\github\tools-framework-vulkan\wffc-edit-master\wffc-edit-master\woffcedit\release\previewwindowrender.obj
m:\github\tools-framework-vulkan\wffc-edit-master\wffc-edit-master\woffcedit\release\planemesh.obj
m:\github\tools-framework-vulkan\wffc-edit-master\wffc-edit-master\woffcedit\release\plane.obj
m:\github\tools-framework-vulkan\wffc-edit-master\wffc-edit-master\woffcedit\release\importedmodel.obj
m:\github\tools-framework-vulkan\wffc-edit-master\wffc-edit-master\woffcedit\release\camera.obj
m:\github\tools-framework-vulkan\wffc-edit-master\wffc-edit-master\woffcedit\release\basemodel.obj
m:\github\tools-framework-vulkan\wffc-edit-master\wffc-edit-master\woffcedit\release\transformdialogue.obj
m:\github\tools-framework-vulkan\wffc-edit-master\wffc-edit-master\woffcedit\release\toolmain.obj
m:\github\tools-framework-vulkan\wffc-edit-master\wffc-edit-master\woffcedit\release\selectdialogue.obj
m:\github\tools-framework-vulkan\wffc-edit-master\wffc-edit-master\woffcedit\release\mfcmain.obj
m:\github\tools-framework-vulkan\wffc-edit-master\wffc-edit-master\woffcedit\release\pch.obj
m:\github\tools-framework-vulkan\wffc-edit-master\wffc-edit-master\woffcedit\release\modelpreviewdialogue.obj
m:\github\tools-framework-vulkan\wffc-edit-master\wffc-edit-master\woffcedit\release\mfcrenderframe.obj
m:\github\tools-framework-vulkan\wffc-edit-master\wffc-edit-master\woffcedit\release\mfcframe.obj
m:\github\tools-framework-vulkan\wffc-edit-master\wffc-edit-master\woffcedit\release\main.obj
m:\github\tools-framework-vulkan\wffc-edit-master\wffc-edit-master\woffcedit\release\sqlite3.obj
\\stuhome\homedrive5$\1503395\github\tools-framework-vulkan\wffc-edit-master\wffc-edit-master\woffcedit\release\sqlite3.obj
m:\github\tools-framework-vulkan\wffc-edit-master\wffc-edit-master\woffcedit\release\wofedit.exe
m:\github\tools-framework-vulkan\wffc-edit-master\wffc-edit-master\woffcedit\release\wofedit.pdb
\\stuhome\homedrive5$\1503395\github\tools-framework-vulkan\wffc-edit-master\wffc-edit-master\woffcedit\release\wofedit.exe
\\stuhome\homedrive5$\1503395\github\tools-framework-vulkan\wffc-edit-master\wffc-edit-master\woffcedit\release\wofedit.pdb
m:\github\tools-framework-vulkan\wffc-edit-master\wffc-edit-master\woffcedit\release\win32simplesample.res
\\stuhome\homedrive5$\1503395\github\tools-framework-vulkan\wffc-edit-master\wffc-edit-master\woffcedit\release\wofedit.ipdb
\\stuhome\homedrive5$\1503395\github\tools-framework-vulkan\wffc-edit-master\wffc-edit-master\woffcedit\release\wofedit.iobj
m:\github\tools-framework-vulkan\wffc-edit-master\wffc-edit-master\woffcedit\release\wofedit.ipdb
m:\github\tools-framework-vulkan\wffc-edit-master\wffc-edit-master\woffcedit\release\wofedit.iobj
\\stuhome\homedrive5$\1503395\github\tools-framework-vulkan\wffc-edit-master\wffc-edit-master\woffcedit\release\win32simplesample.res
\\stuhome\homedrive5$\1503395\github\tools-framework-vulkan\wffc-edit-master\wffc-edit-master\woffcedit\release\wofedit.tlog\cl.command.1.tlog
\\stuhome\homedrive5$\1503395\github\tools-framework-vulkan\wffc-edit-master\wffc-edit-master\woffcedit\release\wofedit.tlog\cl.read.1.tlog
\\stuhome\homedrive5$\1503395\github\tools-framework-vulkan\wffc-edit-master\wffc-edit-master\woffcedit\release\wofedit.tlog\cl.write.1.tlog
\\stuhome\homedrive5$\1503395\github\tools-framework-vulkan\wffc-edit-master\wffc-edit-master\woffcedit\release\wofedit.tlog\link.command.1.tlog
\\stuhome\homedrive5$\1503395\github\tools-framework-vulkan\wffc-edit-master\wffc-edit-master\woffcedit\release\wofedit.tlog\link.read.1.tlog
\\stuhome\homedrive5$\1503395\github\tools-framework-vulkan\wffc-edit-master\wffc-edit-master\woffcedit\release\wofedit.tlog\link.write.1.tlog
\\stuhome\homedrive5$\1503395\github\tools-framework-vulkan\wffc-edit-master\wffc-edit-master\woffcedit\release\wofedit.tlog\rc.command.1.tlog
\\stuhome\homedrive5$\1503395\github\tools-framework-vulkan\wffc-edit-master\wffc-edit-master\woffcedit\release\wofedit.tlog\rc.read.1.tlog
\\stuhome\homedrive5$\1503395\github\tools-framework-vulkan\wffc-edit-master\wffc-edit-master\woffcedit\release\wofedit.tlog\rc.write.1.tlog
\\stuhome\homedrive5$\1503395\github\tools-framework-vulkan\wffc-edit-master\wffc-edit-master\woffcedit\release\wofedit.tlog\wofedit.write.1u.tlog
